<?xml version="1.0" encoding="UTF-8"?>
<!-- Generated by org.testng.reporters.JUnitReportReporter -->
<testsuite skipped="0" hostname="Wassila-PC" name="session5.newDepositTest" tests="1" failures="0" timestamp="2020-07-06T18:12:43 EDT" time="24.188" errors="0">
  <testcase name="userShouldBeAbleToAddDeposite" time="24.188" classname="session5.newDepositTest"/>
  <system-out/>
</testsuite> <!-- session5.newDepositTest -->
